
> rest-express@1.0.0 dev
> NODE_ENV=development tsx server/index.ts

üöÄ Starting Job Tracker Application...
‚ö†Ô∏è GOOGLE_SHEETS_ID not found - Google Sheets integration will be disabled
Mock jobTracker initialized
Mock healthMonitor initialized
Mock scheduler initialized
Mock scheduler started
‚úÖ All services initialized successfully
üìä Loaded 1 companies for tracking
‚ö†Ô∏è GOOGLE_SHEETS_ID not provided - Google Sheets integration disabled
‚ö†Ô∏è Google Sheets Integration disabled - missing credentials
‚ö†Ô∏è ML Detection Service disabled - OPENAI_API_KEY not found
‚ö†Ô∏è Proxy Rotation disabled - no proxy configuration found
‚ö†Ô∏è Gmail credentials not provided - Email notifications disabled
üöÄ Initializing Scheduler Service...
üöÄ Initializing Job Tracker Service...
‚ö†Ô∏è Google Sheets service disabled - skipping initialization
üöÄ Initializing LinkedIn scraper...
‚ùå Failed to launch browser: Error: Failed to launch the browser process!
/home/runner/.cache/puppeteer/chrome/linux-139.0.7258.66/chrome-linux64/chrome: error while loading shared libraries: libcups.so.2: cannot open shared object file: No such file or directory


TROUBLESHOOTING: https://pptr.dev/troubleshooting

    at Interface.onClose (/home/runner/workspace/node_modules/@puppeteer/browsers/src/launch.ts:507:11)
    at Interface.emit (node:events:536:35)
    at Interface.close (node:internal/readline/interface:527:10)
    at Socket.onend (node:internal/readline/interface:253:10)
    at Socket.emit (node:events:536:35)
    at endReadableNT (node:internal/streams/readable:1698:12)
    at process.processTicksAndRejections (node:internal/process/task_queues:82:21)
‚ùå Failed to initialize LinkedIn scraper: Error: Failed to launch the browser process!
/home/runner/.cache/puppeteer/chrome/linux-139.0.7258.66/chrome-linux64/chrome: error while loading shared libraries: libcups.so.2: cannot open shared object file: No such file or directory


TROUBLESHOOTING: https://pptr.dev/troubleshooting

    at Interface.onClose (/home/runner/workspace/node_modules/@puppeteer/browsers/src/launch.ts:507:11)
    at Interface.emit (node:events:536:35)
    at Interface.close (node:internal/readline/interface:527:10)
    at Socket.onend (node:internal/readline/interface:253:10)
    at Socket.emit (node:events:536:35)
    at endReadableNT (node:internal/streams/readable:1698:12)
    at process.processTicksAndRejections (node:internal/process/task_queues:82:21)
‚ö†Ô∏è LinkedIn scraper disabled due to browser launch failure
‚úÖ LinkedIn scraper initialized successfully
‚ö†Ô∏è Google Sheets service not available for company sync
‚ö†Ô∏è No companies loaded from Google Sheets. Please check your sheet configuration.
üìã Expected sheet format: "Company Data" with columns: Company Name, Website, LinkedIn URL, LinkedIn Career Page URL, Is Active, Last Scanned
‚úÖ Added sample company for testing
‚úÖ Job Tracker Service initialized
‚ö†Ô∏è GOOGLE_SHEETS_ID not provided - Google Sheets integration disabled
‚ö†Ô∏è Google Sheets service disabled - skipping initialization
‚úÖ Health Monitor Service initialized
‚úÖ Scheduler Service initialized
‚ñ∂Ô∏è Starting scheduled tasks...
üìÖ Scheduling tasks:
   - Job postings: every 15 minutes
   - New hires: every 60 minutes
   - Analytics: every 30 minutes
‚ñ∂Ô∏è Job tracking started
‚ùå Failed to send system message to Slack: Error: An API error occurred: missing_scope
    at platformErrorFromResult (/home/runner/workspace/node_modules/@slack/web-api/src/errors.ts:119:5)
    at WebClient.<anonymous> (/home/runner/workspace/node_modules/@slack/web-api/src/WebClient.ts:406:36)
    at Generator.next (<anonymous>)
    at fulfilled (/home/runner/workspace/node_modules/@slack/web-api/dist/WebClient.js:38:58)
    at process.processTicksAndRejections (node:internal/process/task_queues:95:5) {
  code: 'slack_webapi_platform_error',
  data: {
    ok: false,
    error: 'missing_scope',
    needed: 'chat:write:bot',
    provided: 'incoming-webhook',
    response_metadata: { scopes: [Array], acceptedScopes: [Array] }
  }
}
‚úÖ All scheduled tasks started
9:24:25 AM [express] serving on port 5000
Error:   Failed to scan for dependencies from entries:
  /home/runner/workspace/client/index.html

  ‚úò [ERROR] The symbol "App" has already been declared

    client/src/App.tsx:60:9:
      60 ‚îÇ function App() {
         ‚ïµ          ~~~

  The symbol "App" was originally declared here:

    client/src/App.tsx:32:9:
      32 ‚îÇ function App() {
         ‚ïµ          ~~~

  Duplicate top-level function declarations are not allowed in an ECMAScript module. This file is considered to be an ECMAScript module because of the "export" keyword here:

    client/src/App.tsx:81:0:
      81 ‚îÇ export default App;
         ‚ïµ ~~~~~~


‚úò [ERROR] Multiple exports with the same name "default"

    client/src/App.tsx:81:7:
      81 ‚îÇ export default App;
         ‚ïµ        ~~~~~~~

  The name "default" was originally exported here:

    client/src/App.tsx:43:7:
      43 ‚îÇ export default App;
         ‚ïµ        ~~~~~~~


‚úò [ERROR] Multiple exports with the same name "queryClient"

    client/src/lib/queryClient.ts:60:13:
      60 ‚îÇ export const queryClient = new QueryClient({
         ‚ïµ              ~~~~~~~~~~~

  The name "queryClient" was originally exported here:

    client/src/lib/queryClient.ts:44:13:
      44 ‚îÇ export const queryClient = new QueryClient({
         ‚ïµ              ~~~~~~~~~~~


‚úò [ERROR] The symbol "queryClient" has already been declared

    client/src/lib/queryClient.ts:60:13:
      60 ‚îÇ export const queryClient = new QueryClient({
         ‚ïµ              ~~~~~~~~~~~

  The symbol "queryClient" was originally declared here:

    client/src/lib/queryClient.ts:44:13:
      44 ‚îÇ export const queryClient = new QueryClient({
         ‚ïµ              ~~~~~~~~~~~


    at failureErrorWithLog (/home/runner/workspace/node_modules/vite/node_modules/esbuild/lib/main.js:1472:15)
    at /home/runner/workspace/node_modules/vite/node_modules/esbuild/lib/main.js:945:25
    at runOnEndCallbacks (/home/runner/workspace/node_modules/vite/node_modules/esbuild/lib/main.js:1315:45)
    at buildResponseToResult (/home/runner/workspace/node_modules/vite/node_modules/esbuild/lib/main.js:943:7)
    at /home/runner/workspace/node_modules/vite/node_modules/esbuild/lib/main.js:955:9
    at new Promise (<anonymous>)
    at requestCallbacks.on-end (/home/runner/workspace/node_modules/vite/node_modules/esbuild/lib/main.js:954:54)
    at handleRequest (/home/runner/workspace/node_modules/vite/node_modules/esbuild/lib/main.js:647:17)
    at handleIncomingPacket (/home/runner/workspace/node_modules/vite/node_modules/esbuild/lib/main.js:672:7)
    at Socket.readFromStdout (/home/runner/workspace/node_modules/vite/node_modules/esbuild/lib/main.js:600:7)